Arguments: 
  C:\Program Files\nodejs\node.exe C:\Users\yuvan\AppData\Roaming\npm\node_modules\yarn\bin\yarn.js add react-reveal

PATH: 
  C:\Python311\Scripts\;C:\Python311\;C:\WINDOWS\system32;C:\WINDOWS;C:\WINDOWS\System32\Wbem;C:\WINDOWS\System32\WindowsPowerShell\v1.0\;C:\WINDOWS\System32\OpenSSH\;C:\Program Files\dotnet\;C:\Program Files\nodejs\;C:\ProgramData\chocolatey\bin;C:\Program Files\nodejs;C:\Users\yuvan\AppData\Local\Microsoft\WindowsApps;C:\Users\yuvan\AppData\Local\Programs\Microsoft VS Code\bin;C:\Users\yuvan\AppData\Roaming\npm;C:\Program Files\nodejs;

Yarn version: 
  1.22.19

Node version: 
  18.16.1

Platform: 
  win32 x64

Trace: 
  Error: EPERM: operation not permitted, copyfile 'C:\Users\yuvan\AppData\Local\Yarn\Cache\v6\npm-@emotion-hash-0.9.1-4ffb0055f7ef676ebc3a5a91fb621393294e2f43-integrity\node_modules\@emotion\hash\package.json' -> 'C:\Users\yuvan\Downloads\Github\Yuvanth\audi-clone\node_modules\@emotion\hash\package.json'

npm manifest: 
  {
    "name": "audi-clone",
    "version": "0.1.0",
    "private": true,
    "dependencies": {
      "@emotion/react": "^11.11.1",
      "@emotion/styled": "^11.11.0",
      "@mui/icons-material": "^5.13.7",
      "@mui/material": "^5.13.7",
      "@reduxjs/toolkit": "^1.9.5",
      "@testing-library/jest-dom": "^5.16.5",
      "@testing-library/react": "^13.4.0",
      "@testing-library/user-event": "^14.4.3",
      "react": "^18.2.0",
      "react-dom": "^18.2.0",
      "react-redux": "^8.1.1",
      "react-scripts": "5.0.1",
      "styled-components": "^6.0.2",
      "web-vitals": "^2.1.4"
    },
    "scripts": {
      "start": "react-scripts start",
      "build": "react-scripts build",
      "test": "react-scripts test",
      "eject": "react-scripts eject"
    },
    "eslintConfig": {
      "extends": [
        "react-app",
        "react-app/jest"
      ]
    },
    "browserslist": {
      "production": [
        ">0.2%",
        "not dead",
        "not op_mini all"
      ],
      "development": [
        "last 1 chrome version",
        "last 1 firefox version",
        "last 1 safari version"
      ]
    }
  }

yarn manifest: 
  No manifest

Lockfile: 
  No lockfile
